[2025-04-14T15:40:29.550+0000] {local_task_job_runner.py:123} INFO - ::group::Pre task execution logs
[2025-04-14T15:40:29.826+0000] {taskinstance.py:2614} INFO - Dependencies all met for dep_context=non-requeueable deps ti=<TaskInstance: pipeline.dbt_run manual__2025-04-14T15:22:03.701795+00:00 [queued]>
[2025-04-14T15:40:29.845+0000] {taskinstance.py:2614} INFO - Dependencies all met for dep_context=requeueable deps ti=<TaskInstance: pipeline.dbt_run manual__2025-04-14T15:22:03.701795+00:00 [queued]>
[2025-04-14T15:40:29.846+0000] {taskinstance.py:2867} INFO - Starting attempt 1 of 2
[2025-04-14T15:40:29.875+0000] {taskinstance.py:2890} INFO - Executing <Task(BashOperator): dbt_run> on 2025-04-14 15:22:03.701795+00:00
[2025-04-14T15:40:29.890+0000] {warnings.py:112} WARNING - /home/***/.local/lib/python3.12/site-packages/***/task/task_runner/standard_task_runner.py:70: DeprecationWarning: This process (pid=1248) is multi-threaded, use of fork() may lead to deadlocks in the child.
  pid = os.fork()

[2025-04-14T15:40:29.892+0000] {standard_task_runner.py:72} INFO - Started process 1250 to run task
[2025-04-14T15:40:29.892+0000] {standard_task_runner.py:104} INFO - Running: ['***', 'tasks', 'run', 'pipeline', 'dbt_run', 'manual__2025-04-14T15:22:03.701795+00:00', '--job-id', '18', '--raw', '--subdir', 'DAGS_FOLDER/ETL.py', '--cfg-path', '/tmp/tmp9f6x1v4b']
[2025-04-14T15:40:29.894+0000] {standard_task_runner.py:105} INFO - Job 18: Subtask dbt_run
[2025-04-14T15:40:29.989+0000] {task_command.py:467} INFO - Running <TaskInstance: pipeline.dbt_run manual__2025-04-14T15:22:03.701795+00:00 [running]> on host ab616624f6ff
[2025-04-14T15:40:30.297+0000] {taskinstance.py:3134} INFO - Exporting env vars: AIRFLOW_CTX_DAG_OWNER='***' AIRFLOW_CTX_DAG_ID='pipeline' AIRFLOW_CTX_TASK_ID='dbt_run' AIRFLOW_CTX_EXECUTION_DATE='2025-04-14T15:22:03.701795+00:00' AIRFLOW_CTX_TRY_NUMBER='1' AIRFLOW_CTX_DAG_RUN_ID='manual__2025-04-14T15:22:03.701795+00:00'
[2025-04-14T15:40:30.303+0000] {logging_mixin.py:190} INFO - Task instance is in running state
[2025-04-14T15:40:30.308+0000] {logging_mixin.py:190} INFO -  Previous state of the Task instance: queued
[2025-04-14T15:40:30.309+0000] {logging_mixin.py:190} INFO - Current task name:dbt_run state:running start_date:2025-04-14 15:40:29.827574+00:00
[2025-04-14T15:40:30.310+0000] {logging_mixin.py:190} INFO - Dag name:pipeline and current dag run status:running
[2025-04-14T15:40:30.311+0000] {taskinstance.py:732} INFO - ::endgroup::
[2025-04-14T15:40:30.313+0000] {subprocess.py:78} INFO - Tmp dir root location: /tmp
[2025-04-14T15:40:30.322+0000] {subprocess.py:88} INFO - Running command: ['/usr/bin/bash', '-c', 'cd /opt/***/dbt && dbt run --profiles-dir .']
[2025-04-14T15:40:30.357+0000] {subprocess.py:99} INFO - Output:
[2025-04-14T15:40:36.113+0000] {subprocess.py:106} INFO - [0m15:40:36  Running with dbt=1.9.4
[2025-04-14T15:40:39.759+0000] {subprocess.py:106} INFO - [0m15:40:39  Registered adapter: snowflake=1.9.2
[2025-04-14T15:40:43.146+0000] {subprocess.py:106} INFO - [0m15:40:43  Found 4 models, 3 seeds, 16 data tests, 474 macros
[2025-04-14T15:40:43.152+0000] {subprocess.py:106} INFO - [0m15:40:43
[2025-04-14T15:40:43.153+0000] {subprocess.py:106} INFO - [0m15:40:43  Concurrency: 4 threads (target='dev')
[2025-04-14T15:40:43.157+0000] {subprocess.py:106} INFO - [0m15:40:43
[2025-04-14T15:40:45.711+0000] {subprocess.py:106} INFO - [0m15:40:45  1 of 4 START sql table model dbo.Abrechnung_Positionen ......................... [RUN]
[2025-04-14T15:40:45.714+0000] {subprocess.py:106} INFO - [0m15:40:45  2 of 4 START sql table model dbo.Abrechnung_Positionen_Placeholder ............. [RUN]
[2025-04-14T15:40:45.716+0000] {subprocess.py:106} INFO - [0m15:40:45  3 of 4 START sql table model dbo.Abrechnung_Rechnungen ......................... [RUN]
[2025-04-14T15:40:45.719+0000] {subprocess.py:106} INFO - [0m15:40:45  4 of 4 START sql incremental model dbo.Error_Logs .............................. [RUN]
[2025-04-14T15:40:47.533+0000] {subprocess.py:106} INFO - [0m15:40:47  1 of 4 OK created sql table model dbo.Abrechnung_Positionen .................... [[32mSUCCESS 1[0m in 1.78s]
[2025-04-14T15:40:48.228+0000] {subprocess.py:106} INFO - [0m15:40:48  2 of 4 OK created sql table model dbo.Abrechnung_Positionen_Placeholder ........ [[32mSUCCESS 1[0m in 2.49s]
[2025-04-14T15:40:48.405+0000] {subprocess.py:106} INFO - [0m15:40:48  3 of 4 OK created sql table model dbo.Abrechnung_Rechnungen .................... [[32mSUCCESS 1[0m in 2.67s]
[2025-04-14T15:40:51.424+0000] {subprocess.py:106} INFO - [0m15:40:51  4 of 4 OK created sql incremental model dbo.Error_Logs ......................... [[32mSUCCESS 60680[0m in 5.68s]
[2025-04-14T15:40:52.605+0000] {subprocess.py:106} INFO - [0m15:40:52
[2025-04-14T15:40:52.608+0000] {subprocess.py:106} INFO - [0m15:40:52  Finished running 1 incremental model, 3 table models in 0 hours 0 minutes and 9.45 seconds (9.45s).
[2025-04-14T15:40:52.935+0000] {subprocess.py:106} INFO - [0m15:40:52
[2025-04-14T15:40:52.940+0000] {subprocess.py:106} INFO - [0m15:40:52  [32mCompleted successfully[0m
[2025-04-14T15:40:52.942+0000] {subprocess.py:106} INFO - [0m15:40:52
[2025-04-14T15:40:52.943+0000] {subprocess.py:106} INFO - [0m15:40:52  Done. PASS=4 WARN=0 ERROR=0 SKIP=0 TOTAL=4
[2025-04-14T15:40:56.037+0000] {subprocess.py:110} INFO - Command exited with return code 0
[2025-04-14T15:40:56.102+0000] {taskinstance.py:341} INFO - ::group::Post task execution logs
[2025-04-14T15:40:56.103+0000] {taskinstance.py:353} INFO - Marking task as SUCCESS. dag_id=pipeline, task_id=dbt_run, run_id=manual__2025-04-14T15:22:03.701795+00:00, execution_date=20250414T152203, start_date=20250414T154029, end_date=20250414T154056
[2025-04-14T15:40:56.177+0000] {logging_mixin.py:190} INFO - Task instance in success state
[2025-04-14T15:40:56.181+0000] {logging_mixin.py:190} INFO -  Previous state of the Task instance: running
[2025-04-14T15:40:56.182+0000] {logging_mixin.py:190} INFO - Dag name:pipeline queued_at:2025-04-14 15:34:20.796301+00:00
[2025-04-14T15:40:56.186+0000] {logging_mixin.py:190} INFO - Task hostname:ab616624f6ff operator:BashOperator
[2025-04-14T15:40:56.249+0000] {local_task_job_runner.py:266} INFO - Task exited with return code 0
[2025-04-14T15:40:56.287+0000] {taskinstance.py:3901} INFO - 0 downstream tasks scheduled from follow-on schedule check
[2025-04-14T15:40:56.295+0000] {local_task_job_runner.py:245} INFO - ::endgroup::
