[2025-04-14T16:04:44.320+0000] {local_task_job_runner.py:123} INFO - ::group::Pre task execution logs
[2025-04-14T16:04:44.649+0000] {taskinstance.py:2614} INFO - Dependencies all met for dep_context=non-requeueable deps ti=<TaskInstance: pipeline.dbt_run scheduled__2025-04-14T15:00:00+00:00 [queued]>
[2025-04-14T16:04:44.698+0000] {taskinstance.py:2614} INFO - Dependencies all met for dep_context=requeueable deps ti=<TaskInstance: pipeline.dbt_run scheduled__2025-04-14T15:00:00+00:00 [queued]>
[2025-04-14T16:04:44.699+0000] {taskinstance.py:2867} INFO - Starting attempt 1 of 2
[2025-04-14T16:04:44.793+0000] {taskinstance.py:2890} INFO - Executing <Task(BashOperator): dbt_run> on 2025-04-14 15:00:00+00:00
[2025-04-14T16:04:44.813+0000] {warnings.py:112} WARNING - /home/***/.local/lib/python3.12/site-packages/***/task/task_runner/standard_task_runner.py:70: DeprecationWarning: This process (pid=1566) is multi-threaded, use of fork() may lead to deadlocks in the child.
  pid = os.fork()

[2025-04-14T16:04:44.817+0000] {standard_task_runner.py:72} INFO - Started process 1568 to run task
[2025-04-14T16:04:44.831+0000] {standard_task_runner.py:104} INFO - Running: ['***', 'tasks', 'run', 'pipeline', 'dbt_run', 'scheduled__2025-04-14T15:00:00+00:00', '--job-id', '20', '--raw', '--subdir', 'DAGS_FOLDER/ETL.py', '--cfg-path', '/tmp/tmpwz24kvv2']
[2025-04-14T16:04:44.835+0000] {standard_task_runner.py:105} INFO - Job 20: Subtask dbt_run
[2025-04-14T16:04:44.986+0000] {task_command.py:467} INFO - Running <TaskInstance: pipeline.dbt_run scheduled__2025-04-14T15:00:00+00:00 [running]> on host ab616624f6ff
[2025-04-14T16:04:45.292+0000] {taskinstance.py:3134} INFO - Exporting env vars: AIRFLOW_CTX_DAG_OWNER='***' AIRFLOW_CTX_DAG_ID='pipeline' AIRFLOW_CTX_TASK_ID='dbt_run' AIRFLOW_CTX_EXECUTION_DATE='2025-04-14T15:00:00+00:00' AIRFLOW_CTX_TRY_NUMBER='1' AIRFLOW_CTX_DAG_RUN_ID='scheduled__2025-04-14T15:00:00+00:00'
[2025-04-14T16:04:45.307+0000] {logging_mixin.py:190} INFO - Task instance is in running state
[2025-04-14T16:04:45.309+0000] {logging_mixin.py:190} INFO -  Previous state of the Task instance: queued
[2025-04-14T16:04:45.314+0000] {logging_mixin.py:190} INFO - Current task name:dbt_run state:running start_date:2025-04-14 16:04:44.651261+00:00
[2025-04-14T16:04:45.316+0000] {logging_mixin.py:190} INFO - Dag name:pipeline and current dag run status:running
[2025-04-14T16:04:45.318+0000] {taskinstance.py:732} INFO - ::endgroup::
[2025-04-14T16:04:45.329+0000] {subprocess.py:78} INFO - Tmp dir root location: /tmp
[2025-04-14T16:04:45.361+0000] {subprocess.py:88} INFO - Running command: ['/usr/bin/bash', '-c', 'cd /opt/***/dbt && dbt run --profiles-dir .']
[2025-04-14T16:04:45.449+0000] {subprocess.py:99} INFO - Output:
[2025-04-14T16:04:58.046+0000] {subprocess.py:106} INFO - [0m16:04:58  Running with dbt=1.9.4
[2025-04-14T16:05:03.213+0000] {subprocess.py:106} INFO - [0m16:05:03  Registered adapter: snowflake=1.9.2
[2025-04-14T16:05:06.072+0000] {subprocess.py:106} INFO - [0m16:05:06  Found 4 models, 3 seeds, 16 data tests, 474 macros
[2025-04-14T16:05:06.082+0000] {subprocess.py:106} INFO - [0m16:05:06
[2025-04-14T16:05:06.083+0000] {subprocess.py:106} INFO - [0m16:05:06  Concurrency: 4 threads (target='dev')
[2025-04-14T16:05:06.085+0000] {subprocess.py:106} INFO - [0m16:05:06
[2025-04-14T16:05:08.199+0000] {subprocess.py:106} INFO - [0m16:05:08  1 of 4 START sql table model dbo.Abrechnung_Positionen ......................... [RUN]
[2025-04-14T16:05:08.230+0000] {subprocess.py:106} INFO - [0m16:05:08  3 of 4 START sql table model dbo.Abrechnung_Rechnungen ......................... [RUN]
[2025-04-14T16:05:08.281+0000] {subprocess.py:106} INFO - [0m16:05:08  2 of 4 START sql table model dbo.Abrechnung_Positionen_Placeholder ............. [RUN]
[2025-04-14T16:05:08.331+0000] {subprocess.py:106} INFO - [0m16:05:08  4 of 4 START sql incremental model dbo.Error_Logs .............................. [RUN]
[2025-04-14T16:05:10.761+0000] {subprocess.py:106} INFO - [0m16:05:10  1 of 4 OK created sql table model dbo.Abrechnung_Positionen .................... [[32mSUCCESS 1[0m in 2.53s]
[2025-04-14T16:05:11.098+0000] {subprocess.py:106} INFO - [0m16:05:11  3 of 4 OK created sql table model dbo.Abrechnung_Rechnungen .................... [[32mSUCCESS 1[0m in 2.86s]
[2025-04-14T16:05:13.652+0000] {subprocess.py:106} INFO - [0m16:05:13  2 of 4 OK created sql table model dbo.Abrechnung_Positionen_Placeholder ........ [[32mSUCCESS 1[0m in 5.34s]
[2025-04-14T16:05:14.341+0000] {subprocess.py:106} INFO - [0m16:05:14  4 of 4 OK created sql incremental model dbo.Error_Logs ......................... [[32mSUCCESS 60680[0m in 5.98s]
[2025-04-14T16:05:15.512+0000] {subprocess.py:106} INFO - [0m16:05:15
[2025-04-14T16:05:15.518+0000] {subprocess.py:106} INFO - [0m16:05:15  Finished running 1 incremental model, 3 table models in 0 hours 0 minutes and 9.42 seconds (9.42s).
[2025-04-14T16:05:16.370+0000] {subprocess.py:106} INFO - [0m16:05:16
[2025-04-14T16:05:16.420+0000] {subprocess.py:106} INFO - [0m16:05:16  [32mCompleted successfully[0m
[2025-04-14T16:05:16.437+0000] {subprocess.py:106} INFO - [0m16:05:16
[2025-04-14T16:05:16.453+0000] {subprocess.py:106} INFO - [0m16:05:16  Done. PASS=4 WARN=0 ERROR=0 SKIP=0 TOTAL=4
[2025-04-14T16:05:19.186+0000] {subprocess.py:110} INFO - Command exited with return code 0
[2025-04-14T16:05:19.300+0000] {taskinstance.py:341} INFO - ::group::Post task execution logs
[2025-04-14T16:05:19.302+0000] {taskinstance.py:353} INFO - Marking task as SUCCESS. dag_id=pipeline, task_id=dbt_run, run_id=scheduled__2025-04-14T15:00:00+00:00, execution_date=20250414T150000, start_date=20250414T160444, end_date=20250414T160519
[2025-04-14T16:05:19.356+0000] {logging_mixin.py:190} INFO - Task instance in success state
[2025-04-14T16:05:19.357+0000] {logging_mixin.py:190} INFO -  Previous state of the Task instance: running
[2025-04-14T16:05:19.363+0000] {logging_mixin.py:190} INFO - Dag name:pipeline queued_at:2025-04-14 16:00:00.294749+00:00
[2025-04-14T16:05:19.363+0000] {logging_mixin.py:190} INFO - Task hostname:ab616624f6ff operator:BashOperator
[2025-04-14T16:05:19.393+0000] {local_task_job_runner.py:266} INFO - Task exited with return code 0
[2025-04-14T16:05:19.420+0000] {taskinstance.py:3901} INFO - 0 downstream tasks scheduled from follow-on schedule check
[2025-04-14T16:05:19.440+0000] {local_task_job_runner.py:245} INFO - ::endgroup::
