[2025-04-14T19:20:45.587+0000] {local_task_job_runner.py:123} INFO - ::group::Pre task execution logs
[2025-04-14T19:20:46.408+0000] {taskinstance.py:2614} INFO - Dependencies all met for dep_context=non-requeueable deps ti=<TaskInstance: pipeline.dbt_seed scheduled__2025-04-14T16:00:00+00:00 [up_for_retry]>
[2025-04-14T19:20:46.442+0000] {taskinstance.py:2614} INFO - Dependencies all met for dep_context=requeueable deps ti=<TaskInstance: pipeline.dbt_seed scheduled__2025-04-14T16:00:00+00:00 [up_for_retry]>
[2025-04-14T19:20:46.444+0000] {taskinstance.py:2867} INFO - Starting attempt 1 of 2
[2025-04-14T19:20:46.520+0000] {taskinstance.py:2890} INFO - Executing <Task(BashOperator): dbt_seed> on 2025-04-14 16:00:00+00:00
[2025-04-14T19:20:46.693+0000] {standard_task_runner.py:104} INFO - Running: ['***', 'tasks', 'run', 'pipeline', 'dbt_seed', 'scheduled__2025-04-14T16:00:00+00:00', '--job-id', '22', '--raw', '--subdir', 'DAGS_FOLDER/ETL.py', '--cfg-path', '/tmp/tmp92r3ilrr']
[2025-04-14T19:20:46.695+0000] {warnings.py:112} WARNING - /home/***/.local/lib/python3.12/site-packages/***/task/task_runner/standard_task_runner.py:70: DeprecationWarning: This process (pid=1817) is multi-threaded, use of fork() may lead to deadlocks in the child.
  pid = os.fork()

[2025-04-14T19:20:46.697+0000] {standard_task_runner.py:105} INFO - Job 22: Subtask dbt_seed
[2025-04-14T19:20:46.698+0000] {standard_task_runner.py:72} INFO - Started process 1870 to run task
[2025-04-14T19:20:46.955+0000] {task_command.py:467} INFO - Running <TaskInstance: pipeline.dbt_seed scheduled__2025-04-14T16:00:00+00:00 [running]> on host ab616624f6ff
[2025-04-14T19:20:47.508+0000] {taskinstance.py:3134} INFO - Exporting env vars: AIRFLOW_CTX_DAG_OWNER='***' AIRFLOW_CTX_DAG_ID='pipeline' AIRFLOW_CTX_TASK_ID='dbt_seed' AIRFLOW_CTX_EXECUTION_DATE='2025-04-14T16:00:00+00:00' AIRFLOW_CTX_TRY_NUMBER='1' AIRFLOW_CTX_DAG_RUN_ID='scheduled__2025-04-14T16:00:00+00:00'
[2025-04-14T19:20:47.513+0000] {logging_mixin.py:190} INFO - Task instance is in running state
[2025-04-14T19:20:47.514+0000] {logging_mixin.py:190} INFO -  Previous state of the Task instance: queued
[2025-04-14T19:20:47.516+0000] {logging_mixin.py:190} INFO - Current task name:dbt_seed state:running start_date:2025-04-14 19:20:46.413074+00:00
[2025-04-14T19:20:47.516+0000] {logging_mixin.py:190} INFO - Dag name:pipeline and current dag run status:running
[2025-04-14T19:20:47.517+0000] {taskinstance.py:732} INFO - ::endgroup::
[2025-04-14T19:20:47.342+0000] {subprocess.py:78} INFO - Tmp dir root location: /tmp
[2025-04-14T19:20:47.358+0000] {subprocess.py:88} INFO - Running command: ['/usr/bin/bash', '-c', 'cd /opt/***/dbt && dbt seed --profiles-dir .']
[2025-04-14T19:20:47.448+0000] {subprocess.py:99} INFO - Output:
[2025-04-14T19:21:19.511+0000] {subprocess.py:106} INFO - [0m19:21:19  Running with dbt=1.9.4
