[2025-04-14T16:00:27.200+0000] {local_task_job_runner.py:123} INFO - ::group::Pre task execution logs
[2025-04-14T16:00:27.245+0000] {taskinstance.py:2614} INFO - Dependencies all met for dep_context=non-requeueable deps ti=<TaskInstance: pipeline.dbt_seed scheduled__2025-04-14T15:00:00+00:00 [queued]>
[2025-04-14T16:00:27.617+0000] {taskinstance.py:2614} INFO - Dependencies all met for dep_context=requeueable deps ti=<TaskInstance: pipeline.dbt_seed scheduled__2025-04-14T15:00:00+00:00 [queued]>
[2025-04-14T16:00:27.625+0000] {taskinstance.py:2867} INFO - Starting attempt 1 of 2
[2025-04-14T16:00:27.708+0000] {taskinstance.py:2890} INFO - Executing <Task(BashOperator): dbt_seed> on 2025-04-14 15:00:00+00:00
[2025-04-14T16:00:27.733+0000] {warnings.py:112} WARNING - /home/***/.local/lib/python3.12/site-packages/***/task/task_runner/standard_task_runner.py:70: DeprecationWarning: This process (pid=1495) is multi-threaded, use of fork() may lead to deadlocks in the child.
  pid = os.fork()

[2025-04-14T16:00:27.740+0000] {standard_task_runner.py:72} INFO - Started process 1504 to run task
[2025-04-14T16:00:27.752+0000] {standard_task_runner.py:104} INFO - Running: ['***', 'tasks', 'run', 'pipeline', 'dbt_seed', 'scheduled__2025-04-14T15:00:00+00:00', '--job-id', '19', '--raw', '--subdir', 'DAGS_FOLDER/ETL.py', '--cfg-path', '/tmp/tmp922t2uk6']
[2025-04-14T16:00:27.756+0000] {standard_task_runner.py:105} INFO - Job 19: Subtask dbt_seed
[2025-04-14T16:00:28.025+0000] {task_command.py:467} INFO - Running <TaskInstance: pipeline.dbt_seed scheduled__2025-04-14T15:00:00+00:00 [running]> on host ab616624f6ff
[2025-04-14T16:00:28.497+0000] {taskinstance.py:3134} INFO - Exporting env vars: AIRFLOW_CTX_DAG_OWNER='***' AIRFLOW_CTX_DAG_ID='pipeline' AIRFLOW_CTX_TASK_ID='dbt_seed' AIRFLOW_CTX_EXECUTION_DATE='2025-04-14T15:00:00+00:00' AIRFLOW_CTX_TRY_NUMBER='1' AIRFLOW_CTX_DAG_RUN_ID='scheduled__2025-04-14T15:00:00+00:00'
[2025-04-14T16:00:28.500+0000] {logging_mixin.py:190} INFO - Task instance is in running state
[2025-04-14T16:00:28.501+0000] {logging_mixin.py:190} INFO -  Previous state of the Task instance: queued
[2025-04-14T16:00:28.504+0000] {logging_mixin.py:190} INFO - Current task name:dbt_seed state:running start_date:2025-04-14 16:00:27.246836+00:00
[2025-04-14T16:00:28.506+0000] {logging_mixin.py:190} INFO - Dag name:pipeline and current dag run status:running
[2025-04-14T16:00:28.507+0000] {taskinstance.py:732} INFO - ::endgroup::
[2025-04-14T16:00:28.509+0000] {subprocess.py:78} INFO - Tmp dir root location: /tmp
[2025-04-14T16:00:28.515+0000] {subprocess.py:88} INFO - Running command: ['/usr/bin/bash', '-c', 'cd /opt/***/dbt && dbt seed --profiles-dir .']
[2025-04-14T16:00:28.540+0000] {subprocess.py:99} INFO - Output:
[2025-04-14T16:00:43.227+0000] {subprocess.py:106} INFO - [0m16:00:43  Running with dbt=1.9.4
[2025-04-14T16:00:51.393+0000] {subprocess.py:106} INFO - [0m16:00:51  Registered adapter: snowflake=1.9.2
[2025-04-14T16:00:54.421+0000] {subprocess.py:106} INFO - [0m16:00:54  Found 4 models, 3 seeds, 16 data tests, 474 macros
[2025-04-14T16:00:54.431+0000] {subprocess.py:106} INFO - [0m16:00:54
[2025-04-14T16:00:54.433+0000] {subprocess.py:106} INFO - [0m16:00:54  Concurrency: 4 threads (target='dev')
[2025-04-14T16:00:54.435+0000] {subprocess.py:106} INFO - [0m16:00:54
[2025-04-14T16:00:56.683+0000] {subprocess.py:106} INFO - [0m16:00:56  1 of 3 START seed file dbo.Staging_Abrechnung_Kunden ........................... [RUN]
[2025-04-14T16:00:56.686+0000] {subprocess.py:106} INFO - [0m16:00:56  2 of 3 START seed file dbo.Staging_Abrechnung_Positionen ....................... [RUN]
[2025-04-14T16:00:56.689+0000] {subprocess.py:106} INFO - [0m16:00:56  3 of 3 START seed file dbo.Staging_Abrechnung_Rechnungen ....................... [RUN]
[2025-04-14T16:01:04.506+0000] {subprocess.py:106} INFO - [0m16:01:04  1 of 3 OK loaded seed file dbo.Staging_Abrechnung_Kunden ....................... [[32mINSERT 601[0m in 7.54s]
[2025-04-14T16:01:06.811+0000] {subprocess.py:106} INFO - [0m16:01:06  3 of 3 OK loaded seed file dbo.Staging_Abrechnung_Rechnungen ................... [[32mINSERT 2000[0m in 10.08s]
[2025-04-14T16:04:23.386+0000] {subprocess.py:106} INFO - [0m16:04:23  2 of 3 OK loaded seed file dbo.Staging_Abrechnung_Positionen ................... [[32mINSERT 129092[0m in 206.65s]
[2025-04-14T16:04:25.080+0000] {subprocess.py:106} INFO - [0m16:04:25
[2025-04-14T16:04:25.087+0000] {subprocess.py:106} INFO - [0m16:04:25  Finished running 3 seeds in 0 hours 3 minutes and 30.63 seconds (210.63s).
[2025-04-14T16:04:25.314+0000] {subprocess.py:106} INFO - [0m16:04:25
[2025-04-14T16:04:25.316+0000] {subprocess.py:106} INFO - [0m16:04:25  [32mCompleted successfully[0m
[2025-04-14T16:04:25.318+0000] {subprocess.py:106} INFO - [0m16:04:25
[2025-04-14T16:04:25.322+0000] {subprocess.py:106} INFO - [0m16:04:25  Done. PASS=3 WARN=0 ERROR=0 SKIP=0 TOTAL=3
[2025-04-14T16:04:27.415+0000] {subprocess.py:110} INFO - Command exited with return code 0
[2025-04-14T16:04:27.485+0000] {taskinstance.py:341} INFO - ::group::Post task execution logs
[2025-04-14T16:04:27.488+0000] {taskinstance.py:353} INFO - Marking task as SUCCESS. dag_id=pipeline, task_id=dbt_seed, run_id=scheduled__2025-04-14T15:00:00+00:00, execution_date=20250414T150000, start_date=20250414T160027, end_date=20250414T160427
[2025-04-14T16:04:27.540+0000] {logging_mixin.py:190} INFO - Task instance in success state
[2025-04-14T16:04:27.541+0000] {logging_mixin.py:190} INFO -  Previous state of the Task instance: running
[2025-04-14T16:04:27.542+0000] {logging_mixin.py:190} INFO - Dag name:pipeline queued_at:2025-04-14 16:00:00.294749+00:00
[2025-04-14T16:04:27.543+0000] {logging_mixin.py:190} INFO - Task hostname:ab616624f6ff operator:BashOperator
[2025-04-14T16:04:27.579+0000] {local_task_job_runner.py:266} INFO - Task exited with return code 0
[2025-04-14T16:04:27.639+0000] {taskinstance.py:3901} INFO - 1 downstream tasks scheduled from follow-on schedule check
[2025-04-14T16:04:27.641+0000] {local_task_job_runner.py:245} INFO - ::endgroup::
