[2025-04-14T15:33:05.943+0000] {local_task_job_runner.py:123} INFO - ::group::Pre task execution logs
[2025-04-14T15:33:06.045+0000] {taskinstance.py:2614} INFO - Dependencies all met for dep_context=non-requeueable deps ti=<TaskInstance: pipeline.dbt_run scheduled__2025-04-14T14:00:00+00:00 [queued]>
[2025-04-14T15:33:06.089+0000] {taskinstance.py:2614} INFO - Dependencies all met for dep_context=requeueable deps ti=<TaskInstance: pipeline.dbt_run scheduled__2025-04-14T14:00:00+00:00 [queued]>
[2025-04-14T15:33:06.099+0000] {taskinstance.py:2867} INFO - Starting attempt 1 of 2
[2025-04-14T15:33:07.041+0000] {taskinstance.py:2890} INFO - Executing <Task(BashOperator): dbt_run> on 2025-04-14 14:00:00+00:00
[2025-04-14T15:33:07.150+0000] {standard_task_runner.py:104} INFO - Running: ['***', 'tasks', 'run', 'pipeline', 'dbt_run', 'scheduled__2025-04-14T14:00:00+00:00', '--job-id', '15', '--raw', '--subdir', 'DAGS_FOLDER/ETL.py', '--cfg-path', '/tmp/tmpdzb3g49h']
[2025-04-14T15:33:07.104+0000] {warnings.py:112} WARNING - /home/***/.local/lib/python3.12/site-packages/***/task/task_runner/standard_task_runner.py:70: DeprecationWarning: This process (pid=1120) is multi-threaded, use of fork() may lead to deadlocks in the child.
  pid = os.fork()

[2025-04-14T15:33:07.159+0000] {standard_task_runner.py:72} INFO - Started process 1129 to run task
[2025-04-14T15:33:07.160+0000] {standard_task_runner.py:105} INFO - Job 15: Subtask dbt_run
[2025-04-14T15:33:07.446+0000] {task_command.py:467} INFO - Running <TaskInstance: pipeline.dbt_run scheduled__2025-04-14T14:00:00+00:00 [running]> on host ab616624f6ff
[2025-04-14T15:33:07.672+0000] {taskinstance.py:3134} INFO - Exporting env vars: AIRFLOW_CTX_DAG_OWNER='***' AIRFLOW_CTX_DAG_ID='pipeline' AIRFLOW_CTX_TASK_ID='dbt_run' AIRFLOW_CTX_EXECUTION_DATE='2025-04-14T14:00:00+00:00' AIRFLOW_CTX_TRY_NUMBER='1' AIRFLOW_CTX_DAG_RUN_ID='scheduled__2025-04-14T14:00:00+00:00'
[2025-04-14T15:33:07.675+0000] {logging_mixin.py:190} INFO - Task instance is in running state
[2025-04-14T15:33:07.676+0000] {logging_mixin.py:190} INFO -  Previous state of the Task instance: queued
[2025-04-14T15:33:07.677+0000] {logging_mixin.py:190} INFO - Current task name:dbt_run state:running start_date:2025-04-14 15:33:06.047527+00:00
[2025-04-14T15:33:07.678+0000] {logging_mixin.py:190} INFO - Dag name:pipeline and current dag run status:running
[2025-04-14T15:33:07.678+0000] {taskinstance.py:732} INFO - ::endgroup::
[2025-04-14T15:33:07.687+0000] {subprocess.py:78} INFO - Tmp dir root location: /tmp
[2025-04-14T15:33:07.694+0000] {subprocess.py:88} INFO - Running command: ['/usr/bin/bash', '-c', 'cd /opt/***/dbt && dbt run --profiles-dir .']
[2025-04-14T15:33:07.722+0000] {subprocess.py:99} INFO - Output:
[2025-04-14T15:33:15.483+0000] {subprocess.py:106} INFO - [0m15:33:15  Running with dbt=1.9.4
[2025-04-14T15:33:19.377+0000] {subprocess.py:106} INFO - [0m15:33:19  Registered adapter: snowflake=1.9.2
[2025-04-14T15:33:30.656+0000] {subprocess.py:106} INFO - [0m15:33:30  Found 4 models, 3 seeds, 16 data tests, 474 macros
[2025-04-14T15:33:30.667+0000] {subprocess.py:106} INFO - [0m15:33:30
[2025-04-14T15:33:30.692+0000] {subprocess.py:106} INFO - [0m15:33:30  Concurrency: 4 threads (target='dev')
[2025-04-14T15:33:30.694+0000] {subprocess.py:106} INFO - [0m15:33:30
[2025-04-14T15:33:34.787+0000] {subprocess.py:106} INFO - [0m15:33:34  1 of 4 START sql table model dbo.Abrechnung_Positionen ......................... [RUN]
[2025-04-14T15:33:34.807+0000] {subprocess.py:106} INFO - [0m15:33:34  3 of 4 START sql table model dbo.Abrechnung_Rechnungen ......................... [RUN]
[2025-04-14T15:33:34.836+0000] {subprocess.py:106} INFO - [0m15:33:34  4 of 4 START sql incremental model dbo.Error_Logs .............................. [RUN]
[2025-04-14T15:33:34.863+0000] {subprocess.py:106} INFO - [0m15:33:34  2 of 4 START sql table model dbo.Abrechnung_Positionen_Placeholder ............. [RUN]
[2025-04-14T15:33:39.868+0000] {subprocess.py:106} INFO - [0m15:33:39  3 of 4 OK created sql table model dbo.Abrechnung_Rechnungen .................... [[32mSUCCESS 1[0m in 4.95s]
[2025-04-14T15:33:39.897+0000] {subprocess.py:106} INFO - [0m15:33:39  1 of 4 OK created sql table model dbo.Abrechnung_Positionen .................... [[32mSUCCESS 1[0m in 5.00s]
[2025-04-14T15:33:39.907+0000] {subprocess.py:106} INFO - [0m15:33:39  2 of 4 OK created sql table model dbo.Abrechnung_Positionen_Placeholder ........ [[32mSUCCESS 1[0m in 4.94s]
[2025-04-14T15:33:42.425+0000] {subprocess.py:106} INFO - [0m15:33:42  4 of 4 OK created sql incremental model dbo.Error_Logs ......................... [[32mSUCCESS 71832[0m in 7.44s]
[2025-04-14T15:33:43.588+0000] {subprocess.py:106} INFO - [0m15:33:43
[2025-04-14T15:33:43.608+0000] {subprocess.py:106} INFO - [0m15:33:43  Finished running 1 incremental model, 3 table models in 0 hours 0 minutes and 12.89 seconds (12.89s).
[2025-04-14T15:33:44.057+0000] {subprocess.py:106} INFO - [0m15:33:44
[2025-04-14T15:33:44.061+0000] {subprocess.py:106} INFO - [0m15:33:44  [32mCompleted successfully[0m
[2025-04-14T15:33:44.063+0000] {subprocess.py:106} INFO - [0m15:33:44
[2025-04-14T15:33:44.073+0000] {subprocess.py:106} INFO - [0m15:33:44  Done. PASS=4 WARN=0 ERROR=0 SKIP=0 TOTAL=4
[2025-04-14T15:33:47.832+0000] {subprocess.py:110} INFO - Command exited with return code 0
[2025-04-14T15:33:49.606+0000] {taskinstance.py:341} INFO - ::group::Post task execution logs
[2025-04-14T15:33:49.620+0000] {taskinstance.py:353} INFO - Marking task as SUCCESS. dag_id=pipeline, task_id=dbt_run, run_id=scheduled__2025-04-14T14:00:00+00:00, execution_date=20250414T140000, start_date=20250414T153306, end_date=20250414T153349
[2025-04-14T15:33:49.789+0000] {logging_mixin.py:190} INFO - Task instance in success state
[2025-04-14T15:33:49.814+0000] {logging_mixin.py:190} INFO -  Previous state of the Task instance: running
[2025-04-14T15:33:49.824+0000] {logging_mixin.py:190} INFO - Dag name:pipeline queued_at:2025-04-14 15:21:20.694867+00:00
[2025-04-14T15:33:49.841+0000] {logging_mixin.py:190} INFO - Task hostname:ab616624f6ff operator:BashOperator
[2025-04-14T15:33:49.998+0000] {local_task_job_runner.py:266} INFO - Task exited with return code 0
[2025-04-14T15:33:50.188+0000] {taskinstance.py:3901} INFO - 0 downstream tasks scheduled from follow-on schedule check
[2025-04-14T15:33:50.242+0000] {local_task_job_runner.py:245} INFO - ::endgroup::
