[2025-04-14T15:21:54.300+0000] {local_task_job_runner.py:123} INFO - ::group::Pre task execution logs
[2025-04-14T15:21:54.343+0000] {taskinstance.py:2614} INFO - Dependencies all met for dep_context=non-requeueable deps ti=<TaskInstance: pipeline.dbt_seed scheduled__2025-04-14T14:00:00+00:00 [queued]>
[2025-04-14T15:21:54.362+0000] {taskinstance.py:2614} INFO - Dependencies all met for dep_context=requeueable deps ti=<TaskInstance: pipeline.dbt_seed scheduled__2025-04-14T14:00:00+00:00 [queued]>
[2025-04-14T15:21:54.363+0000] {taskinstance.py:2867} INFO - Starting attempt 1 of 2
[2025-04-14T15:21:54.708+0000] {taskinstance.py:2890} INFO - Executing <Task(BashOperator): dbt_seed> on 2025-04-14 14:00:00+00:00
[2025-04-14T15:21:54.734+0000] {warnings.py:112} WARNING - /home/***/.local/lib/python3.12/site-packages/***/task/task_runner/standard_task_runner.py:70: DeprecationWarning: This process (pid=975) is multi-threaded, use of fork() may lead to deadlocks in the child.
  pid = os.fork()

[2025-04-14T15:21:54.737+0000] {standard_task_runner.py:72} INFO - Started process 984 to run task
[2025-04-14T15:21:54.738+0000] {standard_task_runner.py:104} INFO - Running: ['***', 'tasks', 'run', 'pipeline', 'dbt_seed', 'scheduled__2025-04-14T14:00:00+00:00', '--job-id', '13', '--raw', '--subdir', 'DAGS_FOLDER/ETL.py', '--cfg-path', '/tmp/tmpx0gzt0x1']
[2025-04-14T15:21:54.741+0000] {standard_task_runner.py:105} INFO - Job 13: Subtask dbt_seed
[2025-04-14T15:21:54.880+0000] {task_command.py:467} INFO - Running <TaskInstance: pipeline.dbt_seed scheduled__2025-04-14T14:00:00+00:00 [running]> on host ab616624f6ff
[2025-04-14T15:21:55.040+0000] {taskinstance.py:3134} INFO - Exporting env vars: AIRFLOW_CTX_DAG_OWNER='***' AIRFLOW_CTX_DAG_ID='pipeline' AIRFLOW_CTX_TASK_ID='dbt_seed' AIRFLOW_CTX_EXECUTION_DATE='2025-04-14T14:00:00+00:00' AIRFLOW_CTX_TRY_NUMBER='1' AIRFLOW_CTX_DAG_RUN_ID='scheduled__2025-04-14T14:00:00+00:00'
[2025-04-14T15:21:55.043+0000] {logging_mixin.py:190} INFO - Task instance is in running state
[2025-04-14T15:21:55.044+0000] {logging_mixin.py:190} INFO -  Previous state of the Task instance: queued
[2025-04-14T15:21:55.044+0000] {logging_mixin.py:190} INFO - Current task name:dbt_seed state:running start_date:2025-04-14 15:21:54.344245+00:00
[2025-04-14T15:21:55.045+0000] {logging_mixin.py:190} INFO - Dag name:pipeline and current dag run status:running
[2025-04-14T15:21:55.046+0000] {taskinstance.py:732} INFO - ::endgroup::
[2025-04-14T15:21:55.051+0000] {subprocess.py:78} INFO - Tmp dir root location: /tmp
[2025-04-14T15:21:55.053+0000] {subprocess.py:88} INFO - Running command: ['/usr/bin/bash', '-c', 'cd /opt/***/dbt && dbt seed --profiles-dir .']
[2025-04-14T15:21:55.090+0000] {subprocess.py:99} INFO - Output:
[2025-04-14T15:22:02.957+0000] {subprocess.py:106} INFO - [0m15:22:02  Running with dbt=1.9.4
[2025-04-14T15:22:16.243+0000] {job.py:229} INFO - Heartbeat recovered after 11.38 seconds
[2025-04-14T15:22:29.909+0000] {job.py:229} INFO - Heartbeat recovered after 16.60 seconds
[2025-04-14T15:22:36.688+0000] {job.py:229} INFO - Heartbeat recovered after 13.25 seconds
[2025-04-14T15:22:37.583+0000] {subprocess.py:106} INFO - [0m15:22:37  Registered adapter: snowflake=1.9.2
[2025-04-14T15:22:58.011+0000] {job.py:229} INFO - Heartbeat recovered after 21.35 seconds
[2025-04-14T15:23:02.419+0000] {subprocess.py:106} INFO - [0m15:23:02  Found 4 models, 3 seeds, 16 data tests, 474 macros
[2025-04-14T15:23:02.462+0000] {subprocess.py:106} INFO - [0m15:23:02
[2025-04-14T15:23:02.490+0000] {subprocess.py:106} INFO - [0m15:23:02  Concurrency: 4 threads (target='dev')
[2025-04-14T15:23:02.507+0000] {subprocess.py:106} INFO - [0m15:23:02
[2025-04-14T15:23:17.309+0000] {subprocess.py:106} INFO - [0m15:23:17  1 of 3 START seed file dbo.Staging_Abrechnung_Kunden ........................... [RUN]
[2025-04-14T15:23:17.329+0000] {subprocess.py:106} INFO - [0m15:23:17  2 of 3 START seed file dbo.Staging_Abrechnung_Positionen ....................... [RUN]
[2025-04-14T15:23:17.332+0000] {subprocess.py:106} INFO - [0m15:23:17  3 of 3 START seed file dbo.Staging_Abrechnung_Rechnungen ....................... [RUN]
[2025-04-14T15:23:35.991+0000] {subprocess.py:106} INFO - [0m15:23:35  1 of 3 OK loaded seed file dbo.Staging_Abrechnung_Kunden ....................... [[32mINSERT 601[0m in 18.54s]
[2025-04-14T15:23:39.188+0000] {subprocess.py:106} INFO - [0m15:23:39  3 of 3 OK loaded seed file dbo.Staging_Abrechnung_Rechnungen ................... [[32mINSERT 2000[0m in 21.80s]
[2025-04-14T15:25:05.504+0000] {job.py:229} INFO - Heartbeat recovered after 74.81 seconds
[2025-04-14T15:25:18.002+0000] {job.py:229} INFO - Heartbeat recovered after 12.97 seconds
[2025-04-14T15:25:44.736+0000] {job.py:229} INFO - Heartbeat recovered after 13.72 seconds
[2025-04-14T15:28:55.595+0000] {job.py:229} INFO - Heartbeat recovered after 11.81 seconds
[2025-04-14T15:30:26.115+0000] {job.py:229} INFO - Heartbeat recovered after 12.53 seconds
[2025-04-14T15:30:55.550+0000] {job.py:229} INFO - Heartbeat recovered after 13.52 seconds
[2025-04-14T15:31:40.354+0000] {subprocess.py:106} INFO - [0m15:31:40  2 of 3 OK loaded seed file dbo.Staging_Abrechnung_Positionen ................... [[32mINSERT 129092[0m in 502.88s]
[2025-04-14T15:31:43.625+0000] {subprocess.py:106} INFO - [0m15:31:43
[2025-04-14T15:31:43.633+0000] {subprocess.py:106} INFO - [0m15:31:43  Finished running 3 seeds in 0 hours 8 minutes and 41.10 seconds (521.10s).
[2025-04-14T15:31:45.474+0000] {subprocess.py:106} INFO - [0m15:31:45
[2025-04-14T15:31:45.490+0000] {subprocess.py:106} INFO - [0m15:31:45  [32mCompleted successfully[0m
[2025-04-14T15:31:45.500+0000] {subprocess.py:106} INFO - [0m15:31:45
[2025-04-14T15:31:45.505+0000] {subprocess.py:106} INFO - [0m15:31:45  Done. PASS=3 WARN=0 ERROR=0 SKIP=0 TOTAL=3
[2025-04-14T15:32:20.145+0000] {subprocess.py:110} INFO - Command exited with return code 0
[2025-04-14T15:32:21.982+0000] {taskinstance.py:341} INFO - ::group::Post task execution logs
[2025-04-14T15:32:22.048+0000] {taskinstance.py:353} INFO - Marking task as SUCCESS. dag_id=pipeline, task_id=dbt_seed, run_id=scheduled__2025-04-14T14:00:00+00:00, execution_date=20250414T140000, start_date=20250414T152154, end_date=20250414T153222
[2025-04-14T15:32:22.509+0000] {logging_mixin.py:190} INFO - Task instance in success state
[2025-04-14T15:32:22.521+0000] {logging_mixin.py:190} INFO -  Previous state of the Task instance: running
[2025-04-14T15:32:22.540+0000] {logging_mixin.py:190} INFO - Dag name:pipeline queued_at:2025-04-14 15:21:20.694867+00:00
[2025-04-14T15:32:22.543+0000] {logging_mixin.py:190} INFO - Task hostname:ab616624f6ff operator:BashOperator
[2025-04-14T15:32:23.010+0000] {local_task_job_runner.py:266} INFO - Task exited with return code 0
[2025-04-14T15:32:23.611+0000] {taskinstance.py:3901} INFO - 1 downstream tasks scheduled from follow-on schedule check
[2025-04-14T15:32:23.628+0000] {local_task_job_runner.py:245} INFO - ::endgroup::
