[2025-04-14T15:34:39.655+0000] {local_task_job_runner.py:123} INFO - ::group::Pre task execution logs
[2025-04-14T15:34:39.917+0000] {taskinstance.py:2614} INFO - Dependencies all met for dep_context=non-requeueable deps ti=<TaskInstance: pipeline.dbt_seed manual__2025-04-14T15:22:03.701795+00:00 [queued]>
[2025-04-14T15:34:40.530+0000] {taskinstance.py:2614} INFO - Dependencies all met for dep_context=requeueable deps ti=<TaskInstance: pipeline.dbt_seed manual__2025-04-14T15:22:03.701795+00:00 [queued]>
[2025-04-14T15:34:40.538+0000] {taskinstance.py:2867} INFO - Starting attempt 3 of 4
[2025-04-14T15:34:40.600+0000] {taskinstance.py:2890} INFO - Executing <Task(BashOperator): dbt_seed> on 2025-04-14 15:22:03.701795+00:00
[2025-04-14T15:34:40.625+0000] {warnings.py:112} WARNING - /home/***/.local/lib/python3.12/site-packages/***/task/task_runner/standard_task_runner.py:70: DeprecationWarning: This process (pid=1166) is multi-threaded, use of fork() may lead to deadlocks in the child.
  pid = os.fork()

[2025-04-14T15:34:40.632+0000] {standard_task_runner.py:72} INFO - Started process 1174 to run task
[2025-04-14T15:34:40.637+0000] {standard_task_runner.py:104} INFO - Running: ['***', 'tasks', 'run', 'pipeline', 'dbt_seed', 'manual__2025-04-14T15:22:03.701795+00:00', '--job-id', '17', '--raw', '--subdir', 'DAGS_FOLDER/ETL.py', '--cfg-path', '/tmp/tmpqe_42zq3']
[2025-04-14T15:34:40.640+0000] {standard_task_runner.py:105} INFO - Job 17: Subtask dbt_seed
[2025-04-14T15:34:40.864+0000] {task_command.py:467} INFO - Running <TaskInstance: pipeline.dbt_seed manual__2025-04-14T15:22:03.701795+00:00 [running]> on host ab616624f6ff
[2025-04-14T15:34:41.548+0000] {taskinstance.py:3134} INFO - Exporting env vars: AIRFLOW_CTX_DAG_OWNER='***' AIRFLOW_CTX_DAG_ID='pipeline' AIRFLOW_CTX_TASK_ID='dbt_seed' AIRFLOW_CTX_EXECUTION_DATE='2025-04-14T15:22:03.701795+00:00' AIRFLOW_CTX_TRY_NUMBER='3' AIRFLOW_CTX_DAG_RUN_ID='manual__2025-04-14T15:22:03.701795+00:00'
[2025-04-14T15:34:41.555+0000] {logging_mixin.py:190} INFO - Task instance is in running state
[2025-04-14T15:34:41.567+0000] {logging_mixin.py:190} INFO -  Previous state of the Task instance: queued
[2025-04-14T15:34:41.572+0000] {logging_mixin.py:190} INFO - Current task name:dbt_seed state:running start_date:2025-04-14 15:34:39.920971+00:00
[2025-04-14T15:34:41.573+0000] {logging_mixin.py:190} INFO - Dag name:pipeline and current dag run status:running
[2025-04-14T15:34:41.573+0000] {taskinstance.py:732} INFO - ::endgroup::
[2025-04-14T15:34:41.581+0000] {subprocess.py:78} INFO - Tmp dir root location: /tmp
[2025-04-14T15:34:41.610+0000] {subprocess.py:88} INFO - Running command: ['/usr/bin/bash', '-c', 'cd /opt/***/dbt && dbt seed --profiles-dir .']
[2025-04-14T15:34:41.722+0000] {subprocess.py:99} INFO - Output:
[2025-04-14T15:34:57.546+0000] {subprocess.py:106} INFO - [0m15:34:57  Running with dbt=1.9.4
[2025-04-14T15:35:01.914+0000] {subprocess.py:106} INFO - [0m15:35:01  Registered adapter: snowflake=1.9.2
[2025-04-14T15:35:06.222+0000] {subprocess.py:106} INFO - [0m15:35:06  Found 4 models, 3 seeds, 16 data tests, 474 macros
[2025-04-14T15:35:06.231+0000] {subprocess.py:106} INFO - [0m15:35:06
[2025-04-14T15:35:06.233+0000] {subprocess.py:106} INFO - [0m15:35:06  Concurrency: 4 threads (target='dev')
[2025-04-14T15:35:06.236+0000] {subprocess.py:106} INFO - [0m15:35:06
[2025-04-14T15:35:08.092+0000] {subprocess.py:106} INFO - [0m15:35:08  1 of 3 START seed file dbo.Staging_Abrechnung_Kunden ........................... [RUN]
[2025-04-14T15:35:08.104+0000] {subprocess.py:106} INFO - [0m15:35:08  2 of 3 START seed file dbo.Staging_Abrechnung_Positionen ....................... [RUN]
[2025-04-14T15:35:08.112+0000] {subprocess.py:106} INFO - [0m15:35:08  3 of 3 START seed file dbo.Staging_Abrechnung_Rechnungen ....................... [RUN]
[2025-04-14T15:35:12.360+0000] {subprocess.py:106} INFO - [0m15:35:12  1 of 3 OK loaded seed file dbo.Staging_Abrechnung_Kunden ....................... [[32mINSERT 601[0m in 4.14s]
[2025-04-14T15:35:19.753+0000] {subprocess.py:106} INFO - [0m15:35:19  3 of 3 OK loaded seed file dbo.Staging_Abrechnung_Rechnungen ................... [[32mINSERT 2000[0m in 11.62s]
[2025-04-14T15:39:56.069+0000] {subprocess.py:106} INFO - [0m15:39:56  2 of 3 OK loaded seed file dbo.Staging_Abrechnung_Positionen ................... [[32mINSERT 129092[0m in 287.90s]
[2025-04-14T15:39:59.758+0000] {subprocess.py:106} INFO - [0m15:39:59
[2025-04-14T15:39:59.770+0000] {subprocess.py:106} INFO - [0m15:39:59  Finished running 3 seeds in 0 hours 4 minutes and 53.51 seconds (293.51s).
[2025-04-14T15:40:00.302+0000] {subprocess.py:106} INFO - [0m15:40:00
[2025-04-14T15:40:00.307+0000] {subprocess.py:106} INFO - [0m15:40:00  [32mCompleted successfully[0m
[2025-04-14T15:40:00.316+0000] {subprocess.py:106} INFO - [0m15:40:00
[2025-04-14T15:40:00.320+0000] {subprocess.py:106} INFO - [0m15:40:00  Done. PASS=3 WARN=0 ERROR=0 SKIP=0 TOTAL=3
[2025-04-14T15:40:09.339+0000] {subprocess.py:110} INFO - Command exited with return code 0
[2025-04-14T15:40:11.574+0000] {taskinstance.py:341} INFO - ::group::Post task execution logs
[2025-04-14T15:40:11.671+0000] {taskinstance.py:353} INFO - Marking task as SUCCESS. dag_id=pipeline, task_id=dbt_seed, run_id=manual__2025-04-14T15:22:03.701795+00:00, execution_date=20250414T152203, start_date=20250414T153439, end_date=20250414T154011
[2025-04-14T15:40:12.571+0000] {logging_mixin.py:190} INFO - Task instance in success state
[2025-04-14T15:40:12.578+0000] {logging_mixin.py:190} INFO -  Previous state of the Task instance: running
[2025-04-14T15:40:12.589+0000] {logging_mixin.py:190} INFO - Dag name:pipeline queued_at:2025-04-14 15:34:20.796301+00:00
[2025-04-14T15:40:12.592+0000] {logging_mixin.py:190} INFO - Task hostname:ab616624f6ff operator:BashOperator
[2025-04-14T15:40:12.859+0000] {local_task_job_runner.py:266} INFO - Task exited with return code 0
[2025-04-14T15:40:13.478+0000] {taskinstance.py:3901} INFO - 1 downstream tasks scheduled from follow-on schedule check
[2025-04-14T15:40:13.500+0000] {local_task_job_runner.py:245} INFO - ::endgroup::
